TN:
SF:/Users/andeladeveloper/Documents/Code/Checkpoints/Inverted-Index/src/js/inverted-index.js
FN:14,(anonymous_1)
FN:48,(anonymous_2)
FN:66,(anonymous_3)
FN:102,(anonymous_4)
FN:131,(anonymous_5)
FN:149,(anonymous_6)
FN:191,(anonymous_7)
FN:207,(anonymous_8)
FN:220,(anonymous_9)
FN:235,(anonymous_10)
FN:256,(anonymous_11)
FNF:11
FNH:10
FNDA:0,(anonymous_1)
FNDA:28,(anonymous_2)
FNDA:1678,(anonymous_3)
FNDA:28,(anonymous_4)
FNDA:30,(anonymous_5)
FNDA:30,(anonymous_6)
FNDA:3,(anonymous_7)
FNDA:2,(anonymous_8)
FNDA:2,(anonymous_9)
FNDA:4,(anonymous_10)
FNDA:3,(anonymous_11)
DA:15,0
DA:16,0
DA:18,0
DA:19,0
DA:22,0
DA:23,0
DA:25,0
DA:26,0
DA:28,0
DA:29,0
DA:31,0
DA:34,0
DA:37,0
DA:49,28
DA:50,28
DA:51,75
DA:52,3
DA:56,25
DA:67,1678
DA:68,1678
DA:69,1678
DA:70,1678
DA:71,1678
DA:73,1678
DA:74,25
DA:75,70
DA:78,25
DA:79,987
DA:83,25
DA:86,1653
DA:88,1652
DA:89,24081
DA:92,1652
DA:103,28
DA:104,28
DA:105,28
DA:107,28
DA:108,80
DA:110,80
DA:111,57
DA:112,1
DA:114,57
DA:115,23
DA:116,1
DA:119,80
DA:122,28
DA:132,30
DA:133,30
DA:134,74
DA:135,74
DA:138,26
DA:150,30
DA:152,30
DA:153,30
DA:155,4
DA:158,26
DA:160,24
DA:161,24
DA:163,24
DA:164,561
DA:166,561
DA:168,1647
DA:169,1647
DA:170,960
DA:174,561
DA:177,24
DA:179,24
DA:180,24
DA:181,24
DA:182,24
DA:192,3
DA:193,1
DA:196,3
DA:197,3
DA:198,3
DA:208,2
DA:209,2
DA:211,2
DA:221,2
DA:222,1
DA:224,1
DA:236,4
DA:237,4
DA:238,4
DA:239,4
DA:241,4
DA:242,20
DA:245,4
DA:257,3
DA:258,3
DA:260,3
DA:261,1
DA:262,1
DA:264,1
DA:265,2
DA:268,1
DA:271,2
LF:97
LH:84
BRDA:18,1,0,0
BRDA:18,1,1,0
BRDA:51,2,0,3
BRDA:51,2,1,72
BRDA:51,3,0,75
BRDA:51,3,1,72
BRDA:73,4,0,25
BRDA:73,4,1,1653
BRDA:86,5,0,1652
BRDA:86,5,1,1
BRDA:110,6,0,57
BRDA:110,6,1,23
BRDA:111,7,0,1
BRDA:111,7,1,56
BRDA:115,8,0,1
BRDA:115,8,1,22
BRDA:169,9,0,960
BRDA:169,9,1,687
BRDA:192,10,0,1
BRDA:192,10,1,2
BRDA:221,11,0,1
BRDA:221,11,1,1
BRDA:260,12,0,1
BRDA:260,12,1,2
BRF:24
BRH:22
end_of_record
